<?xml version="1.0" encoding="UTF-8"?>
<testsuite xmlns:xsi="http://www.w3.org/2001/XMLSchema-instance" xsi:noNamespaceSchemaLocation="https://maven.apache.org/surefire/maven-surefire-plugin/xsd/surefire-test-report-3.0.xsd" version="3.0" name="com.exercise.depthchart.service.BusinessLogicTest" time="0.742" tests="6" errors="0" skipped="0" failures="0">
  <properties>
[...]
</properties>
  <testcase name="createSport_1" classname="com.exercise.depthchart.service.BusinessLogicTest" time="0.138">
    <system-out><![CDATA[2022-04-11 17:21:13.507  INFO 81076 --- [           main] .b.t.c.SpringBootTestContextBootstrapper : Neither @ContextConfiguration nor @ContextHierarchy found for test class [com.exercise.depthchart.service.BusinessLogicTest], using SpringBootContextLoader
2022-04-11 17:21:13.507  INFO 81076 --- [           main] o.s.t.c.support.AbstractContextLoader    : Could not detect default resource locations for test class [com.exercise.depthchart.service.BusinessLogicTest]: no resource found for suffixes {-context.xml, Context.groovy}.
2022-04-11 17:21:13.507  INFO 81076 --- [           main] t.c.s.AnnotationConfigContextLoaderUtils : Could not detect default configuration classes for test class [com.exercise.depthchart.service.BusinessLogicTest]: BusinessLogicTest does not declare any static, non-private, non-final, nested classes annotated with @Configuration.
2022-04-11 17:21:13.512  INFO 81076 --- [           main] .b.t.c.SpringBootTestContextBootstrapper : Found @SpringBootConfiguration com.exercise.depthchart.Application for test class com.exercise.depthchart.service.BusinessLogicTest
2022-04-11 17:21:13.514  INFO 81076 --- [           main] .b.t.c.SpringBootTestContextBootstrapper : Loaded default TestExecutionListener class names from location [META-INF/spring.factories]: [org.springframework.boot.test.mock.mockito.MockitoTestExecutionListener, org.springframework.boot.test.mock.mockito.ResetMocksTestExecutionListener, org.springframework.boot.test.autoconfigure.restdocs.RestDocsTestExecutionListener, org.springframework.boot.test.autoconfigure.web.client.MockRestServiceServerResetTestExecutionListener, org.springframework.boot.test.autoconfigure.web.servlet.MockMvcPrintOnlyOnFailureTestExecutionListener, org.springframework.boot.test.autoconfigure.web.servlet.WebDriverTestExecutionListener, org.springframework.boot.test.autoconfigure.webservices.client.MockWebServiceServerTestExecutionListener, org.springframework.test.context.web.ServletTestExecutionListener, org.springframework.test.context.support.DirtiesContextBeforeModesTestExecutionListener, org.springframework.test.context.event.ApplicationEventsTestExecutionListener, org.springframework.test.context.support.DependencyInjectionTestExecutionListener, org.springframework.test.context.support.DirtiesContextTestExecutionListener, org.springframework.test.context.transaction.TransactionalTestExecutionListener, org.springframework.test.context.jdbc.SqlScriptsTestExecutionListener, org.springframework.test.context.event.EventPublishingTestExecutionListener]
2022-04-11 17:21:13.515  INFO 81076 --- [           main] .b.t.c.SpringBootTestContextBootstrapper : Using TestExecutionListeners: [org.springframework.test.context.web.ServletTestExecutionListener@9fd3b61, org.springframework.test.context.support.DirtiesContextBeforeModesTestExecutionListener@4a34de5e, org.springframework.test.context.event.ApplicationEventsTestExecutionListener@48da5106, org.springframework.boot.test.mock.mockito.MockitoTestExecutionListener@31cddb11, org.springframework.boot.test.autoconfigure.SpringBootDependencyInjectionTestExecutionListener@510bd87a, org.springframework.test.context.support.DirtiesContextTestExecutionListener@3d213a2b, org.springframework.test.context.transaction.TransactionalTestExecutionListener@27691ee8, org.springframework.test.context.jdbc.SqlScriptsTestExecutionListener@78a34c47, org.springframework.test.context.event.EventPublishingTestExecutionListener@77648321, org.springframework.boot.test.mock.mockito.ResetMocksTestExecutionListener@43201f84, org.springframework.boot.test.autoconfigure.restdocs.RestDocsTestExecutionListener@2c51c756, org.springframework.boot.test.autoconfigure.web.client.MockRestServiceServerResetTestExecutionListener@4ef277ef, org.springframework.boot.test.autoconfigure.web.servlet.MockMvcPrintOnlyOnFailureTestExecutionListener@1ddc889b, org.springframework.boot.test.autoconfigure.web.servlet.WebDriverTestExecutionListener@5ec3689b, org.springframework.boot.test.autoconfigure.webservices.client.MockWebServiceServerTestExecutionListener@7c0a6f62]

  .   ____          _            __ _ _
 /\\ / ___'_ __ _ _(_)_ __  __ _ \ \ \ \
( ( )\___ | '_ | '_| | '_ \/ _` | \ \ \ \
 \\/  ___)| |_)| | | | | || (_| |  ) ) ) )
  '  |____| .__|_| |_|_| |_\__, | / / / /
 =========|_|==============|___/=/_/_/_/
 :: Spring Boot ::                (v2.5.8)

2022-04-11 17:21:13.541  INFO 81076 --- [           main] c.e.d.service.BusinessLogicTest          : Starting BusinessLogicTest using Java 13.0.2 on Ranjakas-MacBook-Pro.local with PID 81076 (started by ranjakademel in /Users/ranjakademel/Documents/Personal/tutorials/depthchart)
2022-04-11 17:21:13.541  INFO 81076 --- [           main] c.e.d.service.BusinessLogicTest          : No active profile set, falling back to default profiles: default
2022-04-11 17:21:13.659  INFO 81076 --- [           main] .s.d.r.c.RepositoryConfigurationDelegate : Bootstrapping Spring Data JPA repositories in DEFAULT mode.
2022-04-11 17:21:13.667  INFO 81076 --- [           main] .s.d.r.c.RepositoryConfigurationDelegate : Finished Spring Data repository scanning in 7 ms. Found 3 JPA repository interfaces.
2022-04-11 17:21:13.800  INFO 81076 --- [           main] o.hibernate.jpa.internal.util.LogHelper  : HHH000204: Processing PersistenceUnitInfo [name: default]
2022-04-11 17:21:13.803  INFO 81076 --- [           main] com.zaxxer.hikari.HikariDataSource       : HikariPool-2 - Starting...
2022-04-11 17:21:13.805  INFO 81076 --- [           main] com.zaxxer.hikari.HikariDataSource       : HikariPool-2 - Start completed.
2022-04-11 17:21:13.807  INFO 81076 --- [           main] org.hibernate.dialect.Dialect            : HHH000400: Using dialect: org.hibernate.dialect.H2Dialect
Hibernate: create table player (id integer not null, depth integer, name varchar(255), position_name integer, primary key (id))
Hibernate: create table position (id integer not null, name varchar(255), sport_name integer, primary key (id))
Hibernate: create table sport (id integer not null, name varchar(255), primary key (id))
Hibernate: create sequence hibernate_sequence start with 1 increment by 1
Hibernate: alter table player add constraint FKbd3d11wv8pr5vpr4x6k5xltr9 foreign key (position_name) references position on delete cascade
Hibernate: alter table position add constraint FKjnjxnfd6w4vwqtmvitt2qbeqq foreign key (sport_name) references sport on delete cascade
2022-04-11 17:21:13.841  INFO 81076 --- [           main] o.h.e.t.j.p.i.JtaPlatformInitiator       : HHH000490: Using JtaPlatform implementation: [org.hibernate.engine.transaction.jta.platform.internal.NoJtaPlatform]
2022-04-11 17:21:13.841  INFO 81076 --- [           main] j.LocalContainerEntityManagerFactoryBean : Initialized JPA EntityManagerFactory for persistence unit 'default'
2022-04-11 17:21:13.940  WARN 81076 --- [           main] JpaBaseConfiguration$JpaWebConfiguration : spring.jpa.open-in-view is enabled by default. Therefore, database queries may be performed during view rendering. Explicitly configure spring.jpa.open-in-view to disable this warning
2022-04-11 17:21:13.963  INFO 81076 --- [           main] o.s.b.a.h2.H2ConsoleAutoConfiguration    : H2 console available at '/h2-ui'. Database available at 'jdbc:h2:mem:testdb'
2022-04-11 17:21:13.969  INFO 81076 --- [           main] c.e.d.service.BusinessLogicTest          : Started BusinessLogicTest in 0.452 seconds (JVM running for 4.753)
Hibernate: select sport0_.id as id1_2_, sport0_.name as name2_2_ from sport sport0_ where sport0_.name=?
Hibernate: call next value for hibernate_sequence
Hibernate: insert into sport (name, id) values (?, ?)
Hibernate: call next value for hibernate_sequence
Hibernate: insert into position (name, sport_name, id) values (?, ?, ?)
Hibernate: call next value for hibernate_sequence
Hibernate: insert into position (name, sport_name, id) values (?, ?, ?)
Hibernate: call next value for hibernate_sequence
Hibernate: insert into position (name, sport_name, id) values (?, ?, ?)
Hibernate: call next value for hibernate_sequence
Hibernate: insert into position (name, sport_name, id) values (?, ?, ?)
Hibernate: call next value for hibernate_sequence
Hibernate: insert into position (name, sport_name, id) values (?, ?, ?)
Hibernate: call next value for hibernate_sequence
Hibernate: insert into position (name, sport_name, id) values (?, ?, ?)
Hibernate: call next value for hibernate_sequence
Hibernate: insert into position (name, sport_name, id) values (?, ?, ?)
Hibernate: call next value for hibernate_sequence
Hibernate: insert into position (name, sport_name, id) values (?, ?, ?)
]]></system-out>
  </testcase>
  <testcase name="createSport_2" classname="com.exercise.depthchart.service.BusinessLogicTest" time="0.02">
    <system-out><![CDATA[Hibernate: select sport0_.id as id1_2_, sport0_.name as name2_2_ from sport sport0_ where sport0_.name=?
Hibernate: select positions0_.sport_name as sport_na3_1_0_, positions0_.id as id1_1_0_, positions0_.id as id1_1_1_, positions0_.name as name2_1_1_, positions0_.sport_name as sport_na3_1_1_ from position positions0_ where positions0_.sport_name=?
Hibernate: select players0_.position_name as position4_0_0_, players0_.id as id1_0_0_, players0_.id as id1_0_1_, players0_.depth as depth2_0_1_, players0_.name as name3_0_1_ from player players0_ where players0_.position_name=?
Hibernate: select players0_.position_name as position4_0_0_, players0_.id as id1_0_0_, players0_.id as id1_0_1_, players0_.depth as depth2_0_1_, players0_.name as name3_0_1_ from player players0_ where players0_.position_name=?
Hibernate: select players0_.position_name as position4_0_0_, players0_.id as id1_0_0_, players0_.id as id1_0_1_, players0_.depth as depth2_0_1_, players0_.name as name3_0_1_ from player players0_ where players0_.position_name=?
Hibernate: select players0_.position_name as position4_0_0_, players0_.id as id1_0_0_, players0_.id as id1_0_1_, players0_.depth as depth2_0_1_, players0_.name as name3_0_1_ from player players0_ where players0_.position_name=?
Hibernate: select players0_.position_name as position4_0_0_, players0_.id as id1_0_0_, players0_.id as id1_0_1_, players0_.depth as depth2_0_1_, players0_.name as name3_0_1_ from player players0_ where players0_.position_name=?
Hibernate: select players0_.position_name as position4_0_0_, players0_.id as id1_0_0_, players0_.id as id1_0_1_, players0_.depth as depth2_0_1_, players0_.name as name3_0_1_ from player players0_ where players0_.position_name=?
Hibernate: select players0_.position_name as position4_0_0_, players0_.id as id1_0_0_, players0_.id as id1_0_1_, players0_.depth as depth2_0_1_, players0_.name as name3_0_1_ from player players0_ where players0_.position_name=?
Hibernate: select players0_.position_name as position4_0_0_, players0_.id as id1_0_0_, players0_.id as id1_0_1_, players0_.depth as depth2_0_1_, players0_.name as name3_0_1_ from player players0_ where players0_.position_name=?
]]></system-out>
  </testcase>
  <testcase name="addPlayerToDepthChartTest_1" classname="com.exercise.depthchart.service.BusinessLogicTest" time="0.069">
    <system-out><![CDATA[Hibernate: select position0_.id as id1_1_, position0_.name as name2_1_, position0_.sport_name as sport_na3_1_ from position position0_ where position0_.name=?
Hibernate: select sport0_.id as id1_2_0_, sport0_.name as name2_2_0_, positions1_.sport_name as sport_na3_1_1_, positions1_.id as id1_1_1_, positions1_.id as id1_1_2_, positions1_.name as name2_1_2_, positions1_.sport_name as sport_na3_1_2_, players2_.position_name as position4_0_3_, players2_.id as id1_0_3_, players2_.id as id1_0_4_, players2_.depth as depth2_0_4_, players2_.name as name3_0_4_ from sport sport0_ left outer join position positions1_ on sport0_.id=positions1_.sport_name left outer join player players2_ on positions1_.id=players2_.position_name where sport0_.id=?
Hibernate: select player0_.id as id1_0_, player0_.depth as depth2_0_, player0_.name as name3_0_ from player player0_ where player0_.name=?
Hibernate: select position0_.id as id1_1_1_, position0_.name as name2_1_1_, position0_.sport_name as sport_na3_1_1_, players1_.position_name as position4_0_3_, players1_.id as id1_0_3_, players1_.id as id1_0_0_, players1_.depth as depth2_0_0_, players1_.name as name3_0_0_ from position position0_ left outer join player players1_ on position0_.id=players1_.position_name where position0_.id=?
Hibernate: select sport0_.id as id1_2_0_, sport0_.name as name2_2_0_ from sport sport0_ where sport0_.id=?
Hibernate: select positions0_.sport_name as sport_na3_1_0_, positions0_.id as id1_1_0_, positions0_.id as id1_1_1_, positions0_.name as name2_1_1_, positions0_.sport_name as sport_na3_1_1_ from position positions0_ where positions0_.sport_name=?
Hibernate: select players0_.position_name as position4_0_0_, players0_.id as id1_0_0_, players0_.id as id1_0_1_, players0_.depth as depth2_0_1_, players0_.name as name3_0_1_ from player players0_ where players0_.position_name=?
Hibernate: select players0_.position_name as position4_0_0_, players0_.id as id1_0_0_, players0_.id as id1_0_1_, players0_.depth as depth2_0_1_, players0_.name as name3_0_1_ from player players0_ where players0_.position_name=?
Hibernate: select players0_.position_name as position4_0_0_, players0_.id as id1_0_0_, players0_.id as id1_0_1_, players0_.depth as depth2_0_1_, players0_.name as name3_0_1_ from player players0_ where players0_.position_name=?
Hibernate: select players0_.position_name as position4_0_0_, players0_.id as id1_0_0_, players0_.id as id1_0_1_, players0_.depth as depth2_0_1_, players0_.name as name3_0_1_ from player players0_ where players0_.position_name=?
Hibernate: select players0_.position_name as position4_0_0_, players0_.id as id1_0_0_, players0_.id as id1_0_1_, players0_.depth as depth2_0_1_, players0_.name as name3_0_1_ from player players0_ where players0_.position_name=?
Hibernate: select players0_.position_name as position4_0_0_, players0_.id as id1_0_0_, players0_.id as id1_0_1_, players0_.depth as depth2_0_1_, players0_.name as name3_0_1_ from player players0_ where players0_.position_name=?
Hibernate: select players0_.position_name as position4_0_0_, players0_.id as id1_0_0_, players0_.id as id1_0_1_, players0_.depth as depth2_0_1_, players0_.name as name3_0_1_ from player players0_ where players0_.position_name=?
Hibernate: call next value for hibernate_sequence
Hibernate: insert into player (depth, name, id) values (?, ?, ?)
Hibernate: update player set position_name=? where id=?
Hibernate: select position0_.id as id1_1_, position0_.name as name2_1_, position0_.sport_name as sport_na3_1_ from position position0_ where position0_.name=?
Hibernate: select sport0_.id as id1_2_0_, sport0_.name as name2_2_0_, positions1_.sport_name as sport_na3_1_1_, positions1_.id as id1_1_1_, positions1_.id as id1_1_2_, positions1_.name as name2_1_2_, positions1_.sport_name as sport_na3_1_2_, players2_.position_name as position4_0_3_, players2_.id as id1_0_3_, players2_.id as id1_0_4_, players2_.depth as depth2_0_4_, players2_.name as name3_0_4_ from sport sport0_ left outer join position positions1_ on sport0_.id=positions1_.sport_name left outer join player players2_ on positions1_.id=players2_.position_name where sport0_.id=?
Hibernate: select player0_.id as id1_0_, player0_.depth as depth2_0_, player0_.name as name3_0_ from player player0_ where player0_.name=?
Hibernate: select position0_.id as id1_1_1_, position0_.name as name2_1_1_, position0_.sport_name as sport_na3_1_1_, players1_.position_name as position4_0_3_, players1_.id as id1_0_3_, players1_.id as id1_0_0_, players1_.depth as depth2_0_0_, players1_.name as name3_0_0_ from position position0_ left outer join player players1_ on position0_.id=players1_.position_name where position0_.id=?
Hibernate: select sport0_.id as id1_2_0_, sport0_.name as name2_2_0_ from sport sport0_ where sport0_.id=?
Hibernate: select positions0_.sport_name as sport_na3_1_0_, positions0_.id as id1_1_0_, positions0_.id as id1_1_1_, positions0_.name as name2_1_1_, positions0_.sport_name as sport_na3_1_1_ from position positions0_ where positions0_.sport_name=?
Hibernate: select players0_.position_name as position4_0_0_, players0_.id as id1_0_0_, players0_.id as id1_0_1_, players0_.depth as depth2_0_1_, players0_.name as name3_0_1_ from player players0_ where players0_.position_name=?
Hibernate: select players0_.position_name as position4_0_0_, players0_.id as id1_0_0_, players0_.id as id1_0_1_, players0_.depth as depth2_0_1_, players0_.name as name3_0_1_ from player players0_ where players0_.position_name=?
Hibernate: select players0_.position_name as position4_0_0_, players0_.id as id1_0_0_, players0_.id as id1_0_1_, players0_.depth as depth2_0_1_, players0_.name as name3_0_1_ from player players0_ where players0_.position_name=?
Hibernate: select players0_.position_name as position4_0_0_, players0_.id as id1_0_0_, players0_.id as id1_0_1_, players0_.depth as depth2_0_1_, players0_.name as name3_0_1_ from player players0_ where players0_.position_name=?
Hibernate: select players0_.position_name as position4_0_0_, players0_.id as id1_0_0_, players0_.id as id1_0_1_, players0_.depth as depth2_0_1_, players0_.name as name3_0_1_ from player players0_ where players0_.position_name=?
Hibernate: select players0_.position_name as position4_0_0_, players0_.id as id1_0_0_, players0_.id as id1_0_1_, players0_.depth as depth2_0_1_, players0_.name as name3_0_1_ from player players0_ where players0_.position_name=?
Hibernate: select players0_.position_name as position4_0_0_, players0_.id as id1_0_0_, players0_.id as id1_0_1_, players0_.depth as depth2_0_1_, players0_.name as name3_0_1_ from player players0_ where players0_.position_name=?
Hibernate: call next value for hibernate_sequence
Hibernate: insert into player (depth, name, id) values (?, ?, ?)
Hibernate: update player set position_name=? where id=?
Hibernate: select position0_.id as id1_1_, position0_.name as name2_1_, position0_.sport_name as sport_na3_1_ from position position0_ where position0_.name=?
Hibernate: select sport0_.id as id1_2_0_, sport0_.name as name2_2_0_, positions1_.sport_name as sport_na3_1_1_, positions1_.id as id1_1_1_, positions1_.id as id1_1_2_, positions1_.name as name2_1_2_, positions1_.sport_name as sport_na3_1_2_, players2_.position_name as position4_0_3_, players2_.id as id1_0_3_, players2_.id as id1_0_4_, players2_.depth as depth2_0_4_, players2_.name as name3_0_4_ from sport sport0_ left outer join position positions1_ on sport0_.id=positions1_.sport_name left outer join player players2_ on positions1_.id=players2_.position_name where sport0_.id=?
Hibernate: select player0_.id as id1_0_, player0_.depth as depth2_0_, player0_.name as name3_0_ from player player0_ where player0_.name=?
Hibernate: select position0_.id as id1_1_1_, position0_.name as name2_1_1_, position0_.sport_name as sport_na3_1_1_, players1_.position_name as position4_0_3_, players1_.id as id1_0_3_, players1_.id as id1_0_0_, players1_.depth as depth2_0_0_, players1_.name as name3_0_0_ from position position0_ left outer join player players1_ on position0_.id=players1_.position_name where position0_.id=?
Hibernate: select sport0_.id as id1_2_0_, sport0_.name as name2_2_0_ from sport sport0_ where sport0_.id=?
Hibernate: select positions0_.sport_name as sport_na3_1_0_, positions0_.id as id1_1_0_, positions0_.id as id1_1_1_, positions0_.name as name2_1_1_, positions0_.sport_name as sport_na3_1_1_ from position positions0_ where positions0_.sport_name=?
Hibernate: select players0_.position_name as position4_0_0_, players0_.id as id1_0_0_, players0_.id as id1_0_1_, players0_.depth as depth2_0_1_, players0_.name as name3_0_1_ from player players0_ where players0_.position_name=?
Hibernate: select players0_.position_name as position4_0_0_, players0_.id as id1_0_0_, players0_.id as id1_0_1_, players0_.depth as depth2_0_1_, players0_.name as name3_0_1_ from player players0_ where players0_.position_name=?
Hibernate: select players0_.position_name as position4_0_0_, players0_.id as id1_0_0_, players0_.id as id1_0_1_, players0_.depth as depth2_0_1_, players0_.name as name3_0_1_ from player players0_ where players0_.position_name=?
Hibernate: select players0_.position_name as position4_0_0_, players0_.id as id1_0_0_, players0_.id as id1_0_1_, players0_.depth as depth2_0_1_, players0_.name as name3_0_1_ from player players0_ where players0_.position_name=?
Hibernate: select players0_.position_name as position4_0_0_, players0_.id as id1_0_0_, players0_.id as id1_0_1_, players0_.depth as depth2_0_1_, players0_.name as name3_0_1_ from player players0_ where players0_.position_name=?
Hibernate: select players0_.position_name as position4_0_0_, players0_.id as id1_0_0_, players0_.id as id1_0_1_, players0_.depth as depth2_0_1_, players0_.name as name3_0_1_ from player players0_ where players0_.position_name=?
Hibernate: select players0_.position_name as position4_0_0_, players0_.id as id1_0_0_, players0_.id as id1_0_1_, players0_.depth as depth2_0_1_, players0_.name as name3_0_1_ from player players0_ where players0_.position_name=?
Hibernate: call next value for hibernate_sequence
Hibernate: insert into player (depth, name, id) values (?, ?, ?)
Hibernate: update player set position_name=? where id=?
Hibernate: select position0_.id as id1_1_, position0_.name as name2_1_, position0_.sport_name as sport_na3_1_ from position position0_ where position0_.name=?
Hibernate: select sport0_.id as id1_2_0_, sport0_.name as name2_2_0_, positions1_.sport_name as sport_na3_1_1_, positions1_.id as id1_1_1_, positions1_.id as id1_1_2_, positions1_.name as name2_1_2_, positions1_.sport_name as sport_na3_1_2_, players2_.position_name as position4_0_3_, players2_.id as id1_0_3_, players2_.id as id1_0_4_, players2_.depth as depth2_0_4_, players2_.name as name3_0_4_ from sport sport0_ left outer join position positions1_ on sport0_.id=positions1_.sport_name left outer join player players2_ on positions1_.id=players2_.position_name where sport0_.id=?
Hibernate: select player0_.id as id1_0_, player0_.depth as depth2_0_, player0_.name as name3_0_ from player player0_ where player0_.name=?
Hibernate: select position0_.id as id1_1_1_, position0_.name as name2_1_1_, position0_.sport_name as sport_na3_1_1_, players1_.position_name as position4_0_3_, players1_.id as id1_0_3_, players1_.id as id1_0_0_, players1_.depth as depth2_0_0_, players1_.name as name3_0_0_ from position position0_ left outer join player players1_ on position0_.id=players1_.position_name where position0_.id=?
Hibernate: select sport0_.id as id1_2_0_, sport0_.name as name2_2_0_ from sport sport0_ where sport0_.id=?
Hibernate: select positions0_.sport_name as sport_na3_1_0_, positions0_.id as id1_1_0_, positions0_.id as id1_1_1_, positions0_.name as name2_1_1_, positions0_.sport_name as sport_na3_1_1_ from position positions0_ where positions0_.sport_name=?
Hibernate: select players0_.position_name as position4_0_0_, players0_.id as id1_0_0_, players0_.id as id1_0_1_, players0_.depth as depth2_0_1_, players0_.name as name3_0_1_ from player players0_ where players0_.position_name=?
Hibernate: select players0_.position_name as position4_0_0_, players0_.id as id1_0_0_, players0_.id as id1_0_1_, players0_.depth as depth2_0_1_, players0_.name as name3_0_1_ from player players0_ where players0_.position_name=?
Hibernate: select players0_.position_name as position4_0_0_, players0_.id as id1_0_0_, players0_.id as id1_0_1_, players0_.depth as depth2_0_1_, players0_.name as name3_0_1_ from player players0_ where players0_.position_name=?
Hibernate: select players0_.position_name as position4_0_0_, players0_.id as id1_0_0_, players0_.id as id1_0_1_, players0_.depth as depth2_0_1_, players0_.name as name3_0_1_ from player players0_ where players0_.position_name=?
Hibernate: select players0_.position_name as position4_0_0_, players0_.id as id1_0_0_, players0_.id as id1_0_1_, players0_.depth as depth2_0_1_, players0_.name as name3_0_1_ from player players0_ where players0_.position_name=?
Hibernate: select players0_.position_name as position4_0_0_, players0_.id as id1_0_0_, players0_.id as id1_0_1_, players0_.depth as depth2_0_1_, players0_.name as name3_0_1_ from player players0_ where players0_.position_name=?
Hibernate: select players0_.position_name as position4_0_0_, players0_.id as id1_0_0_, players0_.id as id1_0_1_, players0_.depth as depth2_0_1_, players0_.name as name3_0_1_ from player players0_ where players0_.position_name=?
Hibernate: call next value for hibernate_sequence
Hibernate: insert into player (depth, name, id) values (?, ?, ?)
Hibernate: update player set position_name=? where id=?
]]></system-out>
  </testcase>
  <testcase name="getPlayersUnderPlayerTest_1" classname="com.exercise.depthchart.service.BusinessLogicTest" time="0.008">
    <system-out><![CDATA[Hibernate: select position0_.id as id1_1_, position0_.name as name2_1_, position0_.sport_name as sport_na3_1_ from position position0_ where position0_.name=?
Hibernate: select sport0_.id as id1_2_0_, sport0_.name as name2_2_0_, positions1_.sport_name as sport_na3_1_1_, positions1_.id as id1_1_1_, positions1_.id as id1_1_2_, positions1_.name as name2_1_2_, positions1_.sport_name as sport_na3_1_2_, players2_.position_name as position4_0_3_, players2_.id as id1_0_3_, players2_.id as id1_0_4_, players2_.depth as depth2_0_4_, players2_.name as name3_0_4_ from sport sport0_ left outer join position positions1_ on sport0_.id=positions1_.sport_name left outer join player players2_ on positions1_.id=players2_.position_name where sport0_.id=?
]]></system-out>
  </testcase>
  <testcase name="removePlayerFromDepthChartTest_1" classname="com.exercise.depthchart.service.BusinessLogicTest" time="0.02">
    <system-out><![CDATA[Hibernate: select position0_.id as id1_1_, position0_.name as name2_1_, position0_.sport_name as sport_na3_1_ from position position0_ where position0_.name=?
Hibernate: select sport0_.id as id1_2_0_, sport0_.name as name2_2_0_, positions1_.sport_name as sport_na3_1_1_, positions1_.id as id1_1_1_, positions1_.id as id1_1_2_, positions1_.name as name2_1_2_, positions1_.sport_name as sport_na3_1_2_, players2_.position_name as position4_0_3_, players2_.id as id1_0_3_, players2_.id as id1_0_4_, players2_.depth as depth2_0_4_, players2_.name as name3_0_4_ from sport sport0_ left outer join position positions1_ on sport0_.id=positions1_.sport_name left outer join player players2_ on positions1_.id=players2_.position_name where sport0_.id=?
Hibernate: select player0_.id as id1_0_0_, player0_.depth as depth2_0_0_, player0_.name as name3_0_0_ from player player0_ where player0_.id=?
Hibernate: delete from player where id=?
Hibernate: select position0_.id as id1_1_, position0_.name as name2_1_, position0_.sport_name as sport_na3_1_ from position position0_ where position0_.name=?
Hibernate: select sport0_.id as id1_2_0_, sport0_.name as name2_2_0_, positions1_.sport_name as sport_na3_1_1_, positions1_.id as id1_1_1_, positions1_.id as id1_1_2_, positions1_.name as name2_1_2_, positions1_.sport_name as sport_na3_1_2_, players2_.position_name as position4_0_3_, players2_.id as id1_0_3_, players2_.id as id1_0_4_, players2_.depth as depth2_0_4_, players2_.name as name3_0_4_ from sport sport0_ left outer join position positions1_ on sport0_.id=positions1_.sport_name left outer join player players2_ on positions1_.id=players2_.position_name where sport0_.id=?
Hibernate: select position0_.id as id1_1_1_, position0_.name as name2_1_1_, position0_.sport_name as sport_na3_1_1_, players1_.position_name as position4_0_3_, players1_.id as id1_0_3_, players1_.id as id1_0_0_, players1_.depth as depth2_0_0_, players1_.name as name3_0_0_ from position position0_ left outer join player players1_ on position0_.id=players1_.position_name where position0_.id=?
Hibernate: select sport0_.id as id1_2_0_, sport0_.name as name2_2_0_ from sport sport0_ where sport0_.id=?
Hibernate: select positions0_.sport_name as sport_na3_1_0_, positions0_.id as id1_1_0_, positions0_.id as id1_1_1_, positions0_.name as name2_1_1_, positions0_.sport_name as sport_na3_1_1_ from position positions0_ where positions0_.sport_name=?
Hibernate: select players0_.position_name as position4_0_0_, players0_.id as id1_0_0_, players0_.id as id1_0_1_, players0_.depth as depth2_0_1_, players0_.name as name3_0_1_ from player players0_ where players0_.position_name=?
Hibernate: select players0_.position_name as position4_0_0_, players0_.id as id1_0_0_, players0_.id as id1_0_1_, players0_.depth as depth2_0_1_, players0_.name as name3_0_1_ from player players0_ where players0_.position_name=?
Hibernate: select players0_.position_name as position4_0_0_, players0_.id as id1_0_0_, players0_.id as id1_0_1_, players0_.depth as depth2_0_1_, players0_.name as name3_0_1_ from player players0_ where players0_.position_name=?
Hibernate: select players0_.position_name as position4_0_0_, players0_.id as id1_0_0_, players0_.id as id1_0_1_, players0_.depth as depth2_0_1_, players0_.name as name3_0_1_ from player players0_ where players0_.position_name=?
Hibernate: select players0_.position_name as position4_0_0_, players0_.id as id1_0_0_, players0_.id as id1_0_1_, players0_.depth as depth2_0_1_, players0_.name as name3_0_1_ from player players0_ where players0_.position_name=?
Hibernate: select players0_.position_name as position4_0_0_, players0_.id as id1_0_0_, players0_.id as id1_0_1_, players0_.depth as depth2_0_1_, players0_.name as name3_0_1_ from player players0_ where players0_.position_name=?
Hibernate: select players0_.position_name as position4_0_0_, players0_.id as id1_0_0_, players0_.id as id1_0_1_, players0_.depth as depth2_0_1_, players0_.name as name3_0_1_ from player players0_ where players0_.position_name=?
PositionDTO(name=WR, playerIds=[10, 11])
]]></system-out>
  </testcase>
  <testcase name="removePlayerFromDepthChartTest_2" classname="com.exercise.depthchart.service.BusinessLogicTest" time="0.006">
    <system-out><![CDATA[Hibernate: select position0_.id as id1_1_, position0_.name as name2_1_, position0_.sport_name as sport_na3_1_ from position position0_ where position0_.name=?
Hibernate: select sport0_.id as id1_2_0_, sport0_.name as name2_2_0_, positions1_.sport_name as sport_na3_1_1_, positions1_.id as id1_1_1_, positions1_.id as id1_1_2_, positions1_.name as name2_1_2_, positions1_.sport_name as sport_na3_1_2_, players2_.position_name as position4_0_3_, players2_.id as id1_0_3_, players2_.id as id1_0_4_, players2_.depth as depth2_0_4_, players2_.name as name3_0_4_ from sport sport0_ left outer join position positions1_ on sport0_.id=positions1_.sport_name left outer join player players2_ on positions1_.id=players2_.position_name where sport0_.id=?
PositionDTO(name=WR, playerIds=[10, 11])
]]></system-out>
  </testcase>
</testsuite>