<?xml version="1.0" encoding="UTF-8"?>
<testsuite xmlns:xsi="http://www.w3.org/2001/XMLSchema-instance" xsi:noNamespaceSchemaLocation="https://maven.apache.org/surefire/maven-surefire-plugin/xsd/surefire-test-report-3.0.xsd" version="3.0" name="com.exercise.depthchart.repository.SportDaoTest" time="3.838" tests="1" errors="0" skipped="0" failures="0">
  <properties>
[...]
</properties>
  <testcase name="testSportData" classname="com.exercise.depthchart.repository.SportDaoTest" time="0.16">
    <system-out><![CDATA[17:21:09.760 [main] DEBUG org.springframework.test.context.BootstrapUtils - Instantiating CacheAwareContextLoaderDelegate from class [org.springframework.test.context.cache.DefaultCacheAwareContextLoaderDelegate]
17:21:09.775 [main] DEBUG org.springframework.test.context.BootstrapUtils - Instantiating BootstrapContext using constructor [public org.springframework.test.context.support.DefaultBootstrapContext(java.lang.Class,org.springframework.test.context.CacheAwareContextLoaderDelegate)]
17:21:09.807 [main] DEBUG org.springframework.test.context.BootstrapUtils - Instantiating TestContextBootstrapper for test class [com.exercise.depthchart.repository.SportDaoTest] from class [org.springframework.boot.test.context.SpringBootTestContextBootstrapper]
17:21:09.819 [main] INFO org.springframework.boot.test.context.SpringBootTestContextBootstrapper - Neither @ContextConfiguration nor @ContextHierarchy found for test class [com.exercise.depthchart.repository.SportDaoTest], using SpringBootContextLoader
17:21:09.822 [main] DEBUG org.springframework.test.context.support.AbstractContextLoader - Did not detect default resource location for test class [com.exercise.depthchart.repository.SportDaoTest]: class path resource [com/exercise/depthchart/repository/SportDaoTest-context.xml] does not exist
17:21:09.823 [main] DEBUG org.springframework.test.context.support.AbstractContextLoader - Did not detect default resource location for test class [com.exercise.depthchart.repository.SportDaoTest]: class path resource [com/exercise/depthchart/repository/SportDaoTestContext.groovy] does not exist
17:21:09.823 [main] INFO org.springframework.test.context.support.AbstractContextLoader - Could not detect default resource locations for test class [com.exercise.depthchart.repository.SportDaoTest]: no resource found for suffixes {-context.xml, Context.groovy}.
17:21:09.823 [main] INFO org.springframework.test.context.support.AnnotationConfigContextLoaderUtils - Could not detect default configuration classes for test class [com.exercise.depthchart.repository.SportDaoTest]: SportDaoTest does not declare any static, non-private, non-final, nested classes annotated with @Configuration.
17:21:09.863 [main] DEBUG org.springframework.test.context.support.ActiveProfilesUtils - Could not find an 'annotation declaring class' for annotation type [org.springframework.test.context.ActiveProfiles] and class [com.exercise.depthchart.repository.SportDaoTest]
17:21:09.909 [main] DEBUG org.springframework.context.annotation.ClassPathScanningCandidateComponentProvider - Identified candidate component class: file [/Users/ranjakademel/Documents/Personal/tutorials/depthchart/target/classes/com/exercise/depthchart/Application.class]
17:21:09.911 [main] INFO org.springframework.boot.test.context.SpringBootTestContextBootstrapper - Found @SpringBootConfiguration com.exercise.depthchart.Application for test class com.exercise.depthchart.repository.SportDaoTest
17:21:09.988 [main] DEBUG org.springframework.boot.test.context.SpringBootTestContextBootstrapper - @TestExecutionListeners is not present for class [com.exercise.depthchart.repository.SportDaoTest]: using defaults.
17:21:09.988 [main] INFO org.springframework.boot.test.context.SpringBootTestContextBootstrapper - Loaded default TestExecutionListener class names from location [META-INF/spring.factories]: [org.springframework.boot.test.mock.mockito.MockitoTestExecutionListener, org.springframework.boot.test.mock.mockito.ResetMocksTestExecutionListener, org.springframework.boot.test.autoconfigure.restdocs.RestDocsTestExecutionListener, org.springframework.boot.test.autoconfigure.web.client.MockRestServiceServerResetTestExecutionListener, org.springframework.boot.test.autoconfigure.web.servlet.MockMvcPrintOnlyOnFailureTestExecutionListener, org.springframework.boot.test.autoconfigure.web.servlet.WebDriverTestExecutionListener, org.springframework.boot.test.autoconfigure.webservices.client.MockWebServiceServerTestExecutionListener, org.springframework.test.context.web.ServletTestExecutionListener, org.springframework.test.context.support.DirtiesContextBeforeModesTestExecutionListener, org.springframework.test.context.event.ApplicationEventsTestExecutionListener, org.springframework.test.context.support.DependencyInjectionTestExecutionListener, org.springframework.test.context.support.DirtiesContextTestExecutionListener, org.springframework.test.context.transaction.TransactionalTestExecutionListener, org.springframework.test.context.jdbc.SqlScriptsTestExecutionListener, org.springframework.test.context.event.EventPublishingTestExecutionListener]
17:21:10.006 [main] INFO org.springframework.boot.test.context.SpringBootTestContextBootstrapper - Using TestExecutionListeners: [org.springframework.test.context.web.ServletTestExecutionListener@32c726ee, org.springframework.test.context.support.DirtiesContextBeforeModesTestExecutionListener@22f31dec, org.springframework.test.context.event.ApplicationEventsTestExecutionListener@34c01041, org.springframework.boot.test.mock.mockito.MockitoTestExecutionListener@76f4b65, org.springframework.boot.test.autoconfigure.SpringBootDependencyInjectionTestExecutionListener@c94fd30, org.springframework.test.context.support.DirtiesContextTestExecutionListener@36328d33, org.springframework.test.context.transaction.TransactionalTestExecutionListener@2c4d1ac, org.springframework.test.context.jdbc.SqlScriptsTestExecutionListener@7f0d96f2, org.springframework.test.context.event.EventPublishingTestExecutionListener@545b995e, org.springframework.boot.test.mock.mockito.ResetMocksTestExecutionListener@76a2ddf3, org.springframework.boot.test.autoconfigure.restdocs.RestDocsTestExecutionListener@524f3b3a, org.springframework.boot.test.autoconfigure.web.client.MockRestServiceServerResetTestExecutionListener@41e68d87, org.springframework.boot.test.autoconfigure.web.servlet.MockMvcPrintOnlyOnFailureTestExecutionListener@49ff7d8c, org.springframework.boot.test.autoconfigure.web.servlet.WebDriverTestExecutionListener@29526c05, org.springframework.boot.test.autoconfigure.webservices.client.MockWebServiceServerTestExecutionListener@2ef14fe]
17:21:10.009 [main] DEBUG org.springframework.test.context.support.AbstractDirtiesContextTestExecutionListener - Before test class: context [DefaultTestContext@64c63c79 testClass = SportDaoTest, testInstance = [null], testMethod = [null], testException = [null], mergedContextConfiguration = [WebMergedContextConfiguration@31c7528f testClass = SportDaoTest, locations = '{}', classes = '{class com.exercise.depthchart.Application}', contextInitializerClasses = '[]', activeProfiles = '{}', propertySourceLocations = '{}', propertySourceProperties = '{spring.main.lazy-initialization=true, org.springframework.boot.test.context.SpringBootTestContextBootstrapper=true}', contextCustomizers = set[org.springframework.boot.test.context.filter.ExcludeFilterContextCustomizer@550dbc7a, org.springframework.boot.test.json.DuplicateJsonObjectContextCustomizerFactory$DuplicateJsonObjectContextCustomizer@7bab3f1a, org.springframework.boot.test.mock.mockito.MockitoContextCustomizer@406b9686, org.springframework.boot.test.web.client.TestRestTemplateContextCustomizer@3527942a, org.springframework.boot.test.autoconfigure.actuate.metrics.MetricsExportContextCustomizerFactory$DisableMetricExportContextCustomizer@5d534f5d, org.springframework.boot.test.autoconfigure.properties.PropertyMappingContextCustomizer@0, org.springframework.boot.test.autoconfigure.web.servlet.WebDriverContextCustomizerFactory$Customizer@60099951, org.springframework.boot.test.context.SpringBootTestArgs@1, org.springframework.boot.test.context.SpringBootTestWebEnvironment@50d0686], resourceBasePath = 'src/main/webapp', contextLoader = 'org.springframework.boot.test.context.SpringBootContextLoader', parent = [null]], attributes = map['org.springframework.test.context.web.ServletTestExecutionListener.activateListener' -> true]], class annotated with @DirtiesContext [true] with mode [AFTER_CLASS].
17:21:10.059 [main] DEBUG org.springframework.boot.ApplicationServletEnvironment - Activating profiles []
17:21:10.060 [main] DEBUG org.springframework.test.context.support.TestPropertySourceUtils - Adding inlined properties to environment: {spring.jmx.enabled=false, spring.main.lazy-initialization=true, org.springframework.boot.test.context.SpringBootTestContextBootstrapper=true}

  .   ____          _            __ _ _
 /\\ / ___'_ __ _ _(_)_ __  __ _ \ \ \ \
( ( )\___ | '_ | '_| | '_ \/ _` | \ \ \ \
 \\/  ___)| |_)| | | | | || (_| |  ) ) ) )
  '  |____| .__|_| |_|_| |_\__, | / / / /
 =========|_|==============|___/=/_/_/_/
 :: Spring Boot ::                (v2.5.8)

2022-04-11 17:21:10.327  INFO 81076 --- [           main] c.e.depthchart.repository.SportDaoTest   : Starting SportDaoTest using Java 13.0.2 on Ranjakas-MacBook-Pro.local with PID 81076 (started by ranjakademel in /Users/ranjakademel/Documents/Personal/tutorials/depthchart)
2022-04-11 17:21:10.328  INFO 81076 --- [           main] c.e.depthchart.repository.SportDaoTest   : No active profile set, falling back to default profiles: default
2022-04-11 17:21:10.877  INFO 81076 --- [           main] .s.d.r.c.RepositoryConfigurationDelegate : Bootstrapping Spring Data JPA repositories in DEFAULT mode.
2022-04-11 17:21:10.925  INFO 81076 --- [           main] .s.d.r.c.RepositoryConfigurationDelegate : Finished Spring Data repository scanning in 41 ms. Found 3 JPA repository interfaces.
2022-04-11 17:21:11.937  INFO 81076 --- [           main] o.hibernate.jpa.internal.util.LogHelper  : HHH000204: Processing PersistenceUnitInfo [name: default]
2022-04-11 17:21:12.010  INFO 81076 --- [           main] org.hibernate.Version                    : HHH000412: Hibernate ORM core version 5.4.33
2022-04-11 17:21:12.054  INFO 81076 --- [           main] o.hibernate.annotations.common.Version   : HCANN000001: Hibernate Commons Annotations {5.1.2.Final}
2022-04-11 17:21:12.167  INFO 81076 --- [           main] com.zaxxer.hikari.HikariDataSource       : HikariPool-1 - Starting...
2022-04-11 17:21:12.368  INFO 81076 --- [           main] com.zaxxer.hikari.HikariDataSource       : HikariPool-1 - Start completed.
2022-04-11 17:21:12.406  INFO 81076 --- [           main] org.hibernate.dialect.Dialect            : HHH000400: Using dialect: org.hibernate.dialect.H2Dialect
Hibernate: create table player (id integer not null, depth integer, name varchar(255), position_name integer, primary key (id))
Hibernate: create table position (id integer not null, name varchar(255), sport_name integer, primary key (id))
Hibernate: create table sport (id integer not null, name varchar(255), primary key (id))
Hibernate: create sequence hibernate_sequence start with 1 increment by 1
Hibernate: alter table player add constraint FKbd3d11wv8pr5vpr4x6k5xltr9 foreign key (position_name) references position on delete cascade
Hibernate: alter table position add constraint FKjnjxnfd6w4vwqtmvitt2qbeqq foreign key (sport_name) references sport on delete cascade
2022-04-11 17:21:12.868  INFO 81076 --- [           main] o.h.e.t.j.p.i.JtaPlatformInitiator       : HHH000490: Using JtaPlatform implementation: [org.hibernate.engine.transaction.jta.platform.internal.NoJtaPlatform]
2022-04-11 17:21:12.878  INFO 81076 --- [           main] j.LocalContainerEntityManagerFactoryBean : Initialized JPA EntityManagerFactory for persistence unit 'default'
2022-04-11 17:21:13.249  WARN 81076 --- [           main] JpaBaseConfiguration$JpaWebConfiguration : spring.jpa.open-in-view is enabled by default. Therefore, database queries may be performed during view rendering. Explicitly configure spring.jpa.open-in-view to disable this warning
2022-04-11 17:21:13.289  INFO 81076 --- [           main] o.s.b.a.h2.H2ConsoleAutoConfiguration    : H2 console available at '/h2-ui'. Database available at 'jdbc:h2:mem:testdb'
2022-04-11 17:21:13.301  INFO 81076 --- [           main] c.e.depthchart.repository.SportDaoTest   : Started SportDaoTest in 3.239 seconds (JVM running for 4.085)
Hibernate: call next value for hibernate_sequence
Hibernate: insert into sport (name, id) values (?, ?)
Hibernate: call next value for hibernate_sequence
Hibernate: insert into position (name, sport_name, id) values (?, ?, ?)
Hibernate: call next value for hibernate_sequence
Hibernate: insert into position (name, sport_name, id) values (?, ?, ?)
Hibernate: call next value for hibernate_sequence
Hibernate: insert into position (name, sport_name, id) values (?, ?, ?)
Hibernate: call next value for hibernate_sequence
Hibernate: insert into position (name, sport_name, id) values (?, ?, ?)
Hibernate: call next value for hibernate_sequence
Hibernate: insert into position (name, sport_name, id) values (?, ?, ?)
Hibernate: call next value for hibernate_sequence
Hibernate: insert into position (name, sport_name, id) values (?, ?, ?)
Hibernate: call next value for hibernate_sequence
Hibernate: insert into position (name, sport_name, id) values (?, ?, ?)
Hibernate: call next value for hibernate_sequence
Hibernate: insert into position (name, sport_name, id) values (?, ?, ?)
]]></system-out>
  </testcase>
</testsuite>