<?xml version="1.0" encoding="UTF-8"?>
<testsuite xmlns:xsi="http://www.w3.org/2001/XMLSchema-instance" xsi:noNamespaceSchemaLocation="https://maven.apache.org/surefire/maven-surefire-plugin/xsd/surefire-test-report-3.0.xsd" version="3.0" name="com.sportsbet.depthchart.repository.SportDaoTest" time="3.534" tests="1" errors="0" skipped="0" failures="0">
  <properties>
[...]
</properties>
  <testcase name="testSportData" classname="com.sportsbet.depthchart.repository.SportDaoTest" time="0.135">
    <system-out><![CDATA[21:04:53.386 [main] DEBUG org.springframework.test.context.BootstrapUtils - Instantiating CacheAwareContextLoaderDelegate from class [org.springframework.test.context.cache.DefaultCacheAwareContextLoaderDelegate]
21:04:53.393 [main] DEBUG org.springframework.test.context.BootstrapUtils - Instantiating BootstrapContext using constructor [public org.springframework.test.context.support.DefaultBootstrapContext(java.lang.Class,org.springframework.test.context.CacheAwareContextLoaderDelegate)]
21:04:53.424 [main] DEBUG org.springframework.test.context.BootstrapUtils - Instantiating TestContextBootstrapper for test class [com.sportsbet.depthchart.repository.SportDaoTest] from class [org.springframework.boot.test.context.SpringBootTestContextBootstrapper]
21:04:53.431 [main] INFO org.springframework.boot.test.context.SpringBootTestContextBootstrapper - Neither @ContextConfiguration nor @ContextHierarchy found for test class [com.sportsbet.depthchart.repository.SportDaoTest], using SpringBootContextLoader
21:04:53.434 [main] DEBUG org.springframework.test.context.support.AbstractContextLoader - Did not detect default resource location for test class [com.sportsbet.depthchart.repository.SportDaoTest]: class path resource [com/sportsbet/depthchart/repository/SportDaoTest-context.xml] does not exist
21:04:53.434 [main] DEBUG org.springframework.test.context.support.AbstractContextLoader - Did not detect default resource location for test class [com.sportsbet.depthchart.repository.SportDaoTest]: class path resource [com/sportsbet/depthchart/repository/SportDaoTestContext.groovy] does not exist
21:04:53.434 [main] INFO org.springframework.test.context.support.AbstractContextLoader - Could not detect default resource locations for test class [com.sportsbet.depthchart.repository.SportDaoTest]: no resource found for suffixes {-context.xml, Context.groovy}.
21:04:53.435 [main] INFO org.springframework.test.context.support.AnnotationConfigContextLoaderUtils - Could not detect default configuration classes for test class [com.sportsbet.depthchart.repository.SportDaoTest]: SportDaoTest does not declare any static, non-private, non-final, nested classes annotated with @Configuration.
21:04:53.472 [main] DEBUG org.springframework.test.context.support.ActiveProfilesUtils - Could not find an 'annotation declaring class' for annotation type [org.springframework.test.context.ActiveProfiles] and class [com.sportsbet.depthchart.repository.SportDaoTest]
21:04:53.515 [main] DEBUG org.springframework.context.annotation.ClassPathScanningCandidateComponentProvider - Identified candidate component class: file [/Users/ranjakademel/Documents/Personal/tutorials/depthchart/target/classes/com/sportsbet/depthchart/Application.class]
21:04:53.516 [main] INFO org.springframework.boot.test.context.SpringBootTestContextBootstrapper - Found @SpringBootConfiguration com.sportsbet.depthchart.Application for test class com.sportsbet.depthchart.repository.SportDaoTest
21:04:53.581 [main] DEBUG org.springframework.boot.test.context.SpringBootTestContextBootstrapper - @TestExecutionListeners is not present for class [com.sportsbet.depthchart.repository.SportDaoTest]: using defaults.
21:04:53.581 [main] INFO org.springframework.boot.test.context.SpringBootTestContextBootstrapper - Loaded default TestExecutionListener class names from location [META-INF/spring.factories]: [org.springframework.boot.test.mock.mockito.MockitoTestExecutionListener, org.springframework.boot.test.mock.mockito.ResetMocksTestExecutionListener, org.springframework.boot.test.autoconfigure.restdocs.RestDocsTestExecutionListener, org.springframework.boot.test.autoconfigure.web.client.MockRestServiceServerResetTestExecutionListener, org.springframework.boot.test.autoconfigure.web.servlet.MockMvcPrintOnlyOnFailureTestExecutionListener, org.springframework.boot.test.autoconfigure.web.servlet.WebDriverTestExecutionListener, org.springframework.boot.test.autoconfigure.webservices.client.MockWebServiceServerTestExecutionListener, org.springframework.test.context.web.ServletTestExecutionListener, org.springframework.test.context.support.DirtiesContextBeforeModesTestExecutionListener, org.springframework.test.context.event.ApplicationEventsTestExecutionListener, org.springframework.test.context.support.DependencyInjectionTestExecutionListener, org.springframework.test.context.support.DirtiesContextTestExecutionListener, org.springframework.test.context.transaction.TransactionalTestExecutionListener, org.springframework.test.context.jdbc.SqlScriptsTestExecutionListener, org.springframework.test.context.event.EventPublishingTestExecutionListener]
21:04:53.598 [main] INFO org.springframework.boot.test.context.SpringBootTestContextBootstrapper - Using TestExecutionListeners: [org.springframework.test.context.web.ServletTestExecutionListener@764faa6, org.springframework.test.context.support.DirtiesContextBeforeModesTestExecutionListener@4c1f22f3, org.springframework.test.context.event.ApplicationEventsTestExecutionListener@598bd2ba, org.springframework.boot.test.mock.mockito.MockitoTestExecutionListener@5a755cc1, org.springframework.boot.test.autoconfigure.SpringBootDependencyInjectionTestExecutionListener@7ae42ce3, org.springframework.test.context.support.DirtiesContextTestExecutionListener@4f5991f6, org.springframework.test.context.transaction.TransactionalTestExecutionListener@484094a5, org.springframework.test.context.jdbc.SqlScriptsTestExecutionListener@38234a38, org.springframework.test.context.event.EventPublishingTestExecutionListener@63fbfaeb, org.springframework.boot.test.mock.mockito.ResetMocksTestExecutionListener@602e0143, org.springframework.boot.test.autoconfigure.restdocs.RestDocsTestExecutionListener@2c07545f, org.springframework.boot.test.autoconfigure.web.client.MockRestServiceServerResetTestExecutionListener@e57b96d, org.springframework.boot.test.autoconfigure.web.servlet.MockMvcPrintOnlyOnFailureTestExecutionListener@32c726ee, org.springframework.boot.test.autoconfigure.web.servlet.WebDriverTestExecutionListener@22f31dec, org.springframework.boot.test.autoconfigure.webservices.client.MockWebServiceServerTestExecutionListener@34c01041]
21:04:53.600 [main] DEBUG org.springframework.test.context.support.AbstractDirtiesContextTestExecutionListener - Before test class: context [DefaultTestContext@2bd08376 testClass = SportDaoTest, testInstance = [null], testMethod = [null], testException = [null], mergedContextConfiguration = [WebMergedContextConfiguration@e70f13a testClass = SportDaoTest, locations = '{}', classes = '{class com.sportsbet.depthchart.Application}', contextInitializerClasses = '[]', activeProfiles = '{}', propertySourceLocations = '{}', propertySourceProperties = '{spring.main.lazy-initialization=true, org.springframework.boot.test.context.SpringBootTestContextBootstrapper=true}', contextCustomizers = set[org.springframework.boot.test.context.filter.ExcludeFilterContextCustomizer@53ce1329, org.springframework.boot.test.json.DuplicateJsonObjectContextCustomizerFactory$DuplicateJsonObjectContextCustomizer@3e11f9e9, org.springframework.boot.test.mock.mockito.MockitoContextCustomizer@e7602362, org.springframework.boot.test.web.client.TestRestTemplateContextCustomizer@54e1c68b, org.springframework.boot.test.autoconfigure.actuate.metrics.MetricsExportContextCustomizerFactory$DisableMetricExportContextCustomizer@3f6f6701, org.springframework.boot.test.autoconfigure.properties.PropertyMappingContextCustomizer@0, org.springframework.boot.test.autoconfigure.web.servlet.WebDriverContextCustomizerFactory$Customizer@4b45a2f5, org.springframework.boot.test.context.SpringBootTestArgs@1, org.springframework.boot.test.context.SpringBootTestWebEnvironment@50d0686], resourceBasePath = 'src/main/webapp', contextLoader = 'org.springframework.boot.test.context.SpringBootContextLoader', parent = [null]], attributes = map['org.springframework.test.context.web.ServletTestExecutionListener.activateListener' -> true]], class annotated with @DirtiesContext [true] with mode [AFTER_CLASS].
21:04:53.639 [main] DEBUG org.springframework.boot.ApplicationServletEnvironment - Activating profiles []
21:04:53.640 [main] DEBUG org.springframework.test.context.support.TestPropertySourceUtils - Adding inlined properties to environment: {spring.jmx.enabled=false, spring.main.lazy-initialization=true, org.springframework.boot.test.context.SpringBootTestContextBootstrapper=true}

  .   ____          _            __ _ _
 /\\ / ___'_ __ _ _(_)_ __  __ _ \ \ \ \
( ( )\___ | '_ | '_| | '_ \/ _` | \ \ \ \
 \\/  ___)| |_)| | | | | || (_| |  ) ) ) )
  '  |____| .__|_| |_|_| |_\__, | / / / /
 =========|_|==============|___/=/_/_/_/
 :: Spring Boot ::                (v2.5.8)

2022-04-10 21:04:53.885  INFO 68277 --- [           main] c.s.depthchart.repository.SportDaoTest   : Starting SportDaoTest using Java 13.0.2 on Ranjakas-MacBook-Pro.local with PID 68277 (started by ranjakademel in /Users/ranjakademel/Documents/Personal/tutorials/depthchart)
2022-04-10 21:04:53.885  INFO 68277 --- [           main] c.s.depthchart.repository.SportDaoTest   : No active profile set, falling back to default profiles: default
2022-04-10 21:04:54.421  INFO 68277 --- [           main] .s.d.r.c.RepositoryConfigurationDelegate : Bootstrapping Spring Data JPA repositories in DEFAULT mode.
2022-04-10 21:04:54.463  INFO 68277 --- [           main] .s.d.r.c.RepositoryConfigurationDelegate : Finished Spring Data repository scanning in 37 ms. Found 3 JPA repository interfaces.
2022-04-10 21:04:55.392  INFO 68277 --- [           main] o.hibernate.jpa.internal.util.LogHelper  : HHH000204: Processing PersistenceUnitInfo [name: default]
2022-04-10 21:04:55.442  INFO 68277 --- [           main] org.hibernate.Version                    : HHH000412: Hibernate ORM core version 5.4.33
2022-04-10 21:04:55.476  INFO 68277 --- [           main] o.hibernate.annotations.common.Version   : HCANN000001: Hibernate Commons Annotations {5.1.2.Final}
2022-04-10 21:04:55.557  INFO 68277 --- [           main] com.zaxxer.hikari.HikariDataSource       : HikariPool-1 - Starting...
2022-04-10 21:04:55.804  INFO 68277 --- [           main] com.zaxxer.hikari.HikariDataSource       : HikariPool-1 - Start completed.
2022-04-10 21:04:55.827  INFO 68277 --- [           main] org.hibernate.dialect.Dialect            : HHH000400: Using dialect: org.hibernate.dialect.H2Dialect
Hibernate: create table player (id integer not null, depth integer, name varchar(255), position_name integer, primary key (id))
Hibernate: create table position (id integer not null, name varchar(255), sport_name integer, primary key (id))
Hibernate: create table sport (id integer not null, name varchar(255), primary key (id))
Hibernate: create sequence hibernate_sequence start with 1 increment by 1
Hibernate: alter table player add constraint FKbd3d11wv8pr5vpr4x6k5xltr9 foreign key (position_name) references position on delete cascade
Hibernate: alter table position add constraint FKjnjxnfd6w4vwqtmvitt2qbeqq foreign key (sport_name) references sport on delete cascade
2022-04-10 21:04:56.238  INFO 68277 --- [           main] o.h.e.t.j.p.i.JtaPlatformInitiator       : HHH000490: Using JtaPlatform implementation: [org.hibernate.engine.transaction.jta.platform.internal.NoJtaPlatform]
2022-04-10 21:04:56.247  INFO 68277 --- [           main] j.LocalContainerEntityManagerFactoryBean : Initialized JPA EntityManagerFactory for persistence unit 'default'
2022-04-10 21:04:56.601  WARN 68277 --- [           main] JpaBaseConfiguration$JpaWebConfiguration : spring.jpa.open-in-view is enabled by default. Therefore, database queries may be performed during view rendering. Explicitly configure spring.jpa.open-in-view to disable this warning
2022-04-10 21:04:56.647  INFO 68277 --- [           main] o.s.b.a.h2.H2ConsoleAutoConfiguration    : H2 console available at '/h2-ui'. Database available at 'jdbc:h2:mem:testdb'
2022-04-10 21:04:56.659  INFO 68277 --- [           main] c.s.depthchart.repository.SportDaoTest   : Started SportDaoTest in 3.016 seconds (JVM running for 3.795)
Hibernate: call next value for hibernate_sequence
Hibernate: insert into sport (name, id) values (?, ?)
Hibernate: call next value for hibernate_sequence
Hibernate: insert into position (name, sport_name, id) values (?, ?, ?)
Hibernate: call next value for hibernate_sequence
Hibernate: insert into position (name, sport_name, id) values (?, ?, ?)
Hibernate: call next value for hibernate_sequence
Hibernate: insert into position (name, sport_name, id) values (?, ?, ?)
Hibernate: call next value for hibernate_sequence
Hibernate: insert into position (name, sport_name, id) values (?, ?, ?)
Hibernate: call next value for hibernate_sequence
Hibernate: insert into position (name, sport_name, id) values (?, ?, ?)
Hibernate: call next value for hibernate_sequence
Hibernate: insert into position (name, sport_name, id) values (?, ?, ?)
Hibernate: call next value for hibernate_sequence
Hibernate: insert into position (name, sport_name, id) values (?, ?, ?)
Hibernate: call next value for hibernate_sequence
Hibernate: insert into position (name, sport_name, id) values (?, ?, ?)
]]></system-out>
  </testcase>
</testsuite>